                                 Started job on |	Jun 10 02:48:08
                             Started mapping on |	Jun 10 02:52:25
                                    Finished on |	Jun 10 02:57:01
       Mapping speed, Million of reads per hour |	420.37

                          Number of input reads |	32228632
                      Average input read length |	75
                                    UNIQUE READS:
                   Uniquely mapped reads number |	25991211
                        Uniquely mapped reads % |	80.65%
                          Average mapped length |	75.29
                       Number of splices: Total |	5603330
            Number of splices: Annotated (sjdb) |	5502999
                       Number of splices: GT/AG |	5427200
                       Number of splices: GC/AG |	160397
                       Number of splices: AT/AC |	5410
               Number of splices: Non-canonical |	10323
                      Mismatch rate per base, % |	0.33%
                         Deletion rate per base |	0.01%
                        Deletion average length |	2.05
                        Insertion rate per base |	0.01%
                       Insertion average length |	1.75
                             MULTI-MAPPING READS:
        Number of reads mapped to multiple loci |	5421613
             % of reads mapped to multiple loci |	16.82%
        Number of reads mapped to too many loci |	206566
             % of reads mapped to too many loci |	0.64%
                                  UNMAPPED READS:
  Number of reads unmapped: too many mismatches |	0
       % of reads unmapped: too many mismatches |	0.00%
            Number of reads unmapped: too short |	555610
                 % of reads unmapped: too short |	1.72%
                Number of reads unmapped: other |	53632
                     % of reads unmapped: other |	0.17%
                                  CHIMERIC READS:
                       Number of chimeric reads |	0
                            % of chimeric reads |	0.00%
