                                 Started job on |	Jun 10 02:50:48
                             Started mapping on |	Jun 10 02:54:42
                                    Finished on |	Jun 10 02:57:27
       Mapping speed, Million of reads per hour |	421.74

                          Number of input reads |	19329723
                      Average input read length |	75
                                    UNIQUE READS:
                   Uniquely mapped reads number |	15594468
                        Uniquely mapped reads % |	80.68%
                          Average mapped length |	75.25
                       Number of splices: Total |	2935763
            Number of splices: Annotated (sjdb) |	2876352
                       Number of splices: GT/AG |	2826710
                       Number of splices: GC/AG |	99618
                       Number of splices: AT/AC |	2955
               Number of splices: Non-canonical |	6480
                      Mismatch rate per base, % |	0.42%
                         Deletion rate per base |	0.01%
                        Deletion average length |	2.02
                        Insertion rate per base |	0.01%
                       Insertion average length |	1.81
                             MULTI-MAPPING READS:
        Number of reads mapped to multiple loci |	3266275
             % of reads mapped to multiple loci |	16.90%
        Number of reads mapped to too many loci |	100678
             % of reads mapped to too many loci |	0.52%
                                  UNMAPPED READS:
  Number of reads unmapped: too many mismatches |	0
       % of reads unmapped: too many mismatches |	0.00%
            Number of reads unmapped: too short |	338569
                 % of reads unmapped: too short |	1.75%
                Number of reads unmapped: other |	29733
                     % of reads unmapped: other |	0.15%
                                  CHIMERIC READS:
                       Number of chimeric reads |	0
                            % of chimeric reads |	0.00%
