                                 Started job on |	Jun 10 02:50:48
                             Started mapping on |	Jun 10 02:54:57
                                    Finished on |	Jun 10 02:58:48
       Mapping speed, Million of reads per hour |	421.15

                          Number of input reads |	27023824
                      Average input read length |	75
                                    UNIQUE READS:
                   Uniquely mapped reads number |	22124905
                        Uniquely mapped reads % |	81.87%
                          Average mapped length |	75.32
                       Number of splices: Total |	4608506
            Number of splices: Annotated (sjdb) |	4516737
                       Number of splices: GT/AG |	4454455
                       Number of splices: GC/AG |	140716
                       Number of splices: AT/AC |	4671
               Number of splices: Non-canonical |	8664
                      Mismatch rate per base, % |	0.32%
                         Deletion rate per base |	0.01%
                        Deletion average length |	1.94
                        Insertion rate per base |	0.01%
                       Insertion average length |	1.76
                             MULTI-MAPPING READS:
        Number of reads mapped to multiple loci |	4377849
             % of reads mapped to multiple loci |	16.20%
        Number of reads mapped to too many loci |	154878
             % of reads mapped to too many loci |	0.57%
                                  UNMAPPED READS:
  Number of reads unmapped: too many mismatches |	0
       % of reads unmapped: too many mismatches |	0.00%
            Number of reads unmapped: too short |	322402
                 % of reads unmapped: too short |	1.19%
                Number of reads unmapped: other |	43790
                     % of reads unmapped: other |	0.16%
                                  CHIMERIC READS:
                       Number of chimeric reads |	0
                            % of chimeric reads |	0.00%
