                                 Started job on |	Jun 10 02:40:16
                             Started mapping on |	Jun 10 02:44:15
                                    Finished on |	Jun 10 02:47:07
       Mapping speed, Million of reads per hour |	412.41

                          Number of input reads |	19704105
                      Average input read length |	75
                                    UNIQUE READS:
                   Uniquely mapped reads number |	16385544
                        Uniquely mapped reads % |	83.16%
                          Average mapped length |	75.32
                       Number of splices: Total |	3597434
            Number of splices: Annotated (sjdb) |	3530625
                       Number of splices: GT/AG |	3483607
                       Number of splices: GC/AG |	104526
                       Number of splices: AT/AC |	3727
               Number of splices: Non-canonical |	5574
                      Mismatch rate per base, % |	0.32%
                         Deletion rate per base |	0.01%
                        Deletion average length |	1.90
                        Insertion rate per base |	0.01%
                       Insertion average length |	1.73
                             MULTI-MAPPING READS:
        Number of reads mapped to multiple loci |	2943886
             % of reads mapped to multiple loci |	14.94%
        Number of reads mapped to too many loci |	113735
             % of reads mapped to too many loci |	0.58%
                                  UNMAPPED READS:
  Number of reads unmapped: too many mismatches |	0
       % of reads unmapped: too many mismatches |	0.00%
            Number of reads unmapped: too short |	233965
                 % of reads unmapped: too short |	1.19%
                Number of reads unmapped: other |	26975
                     % of reads unmapped: other |	0.14%
                                  CHIMERIC READS:
                       Number of chimeric reads |	0
                            % of chimeric reads |	0.00%
