                                 Started job on |	Jun 10 02:44:13
                             Started mapping on |	Jun 10 02:48:27
                                    Finished on |	Jun 10 02:52:33
       Mapping speed, Million of reads per hour |	416.06

                          Number of input reads |	28430900
                      Average input read length |	75
                                    UNIQUE READS:
                   Uniquely mapped reads number |	23223926
                        Uniquely mapped reads % |	81.69%
                          Average mapped length |	75.32
                       Number of splices: Total |	5155095
            Number of splices: Annotated (sjdb) |	5058929
                       Number of splices: GT/AG |	4988764
                       Number of splices: GC/AG |	152396
                       Number of splices: AT/AC |	6399
               Number of splices: Non-canonical |	7536
                      Mismatch rate per base, % |	0.32%
                         Deletion rate per base |	0.01%
                        Deletion average length |	2.06
                        Insertion rate per base |	0.01%
                       Insertion average length |	1.76
                             MULTI-MAPPING READS:
        Number of reads mapped to multiple loci |	4587734
             % of reads mapped to multiple loci |	16.14%
        Number of reads mapped to too many loci |	167877
             % of reads mapped to too many loci |	0.59%
                                  UNMAPPED READS:
  Number of reads unmapped: too many mismatches |	0
       % of reads unmapped: too many mismatches |	0.00%
            Number of reads unmapped: too short |	415095
                 % of reads unmapped: too short |	1.46%
                Number of reads unmapped: other |	36268
                     % of reads unmapped: other |	0.13%
                                  CHIMERIC READS:
                       Number of chimeric reads |	0
                            % of chimeric reads |	0.00%
