                                 Started job on |	Jun 10 02:50:09
                             Started mapping on |	Jun 10 02:54:16
                                    Finished on |	Jun 10 02:57:56
       Mapping speed, Million of reads per hour |	424.65

                          Number of input reads |	25950575
                      Average input read length |	75
                                    UNIQUE READS:
                   Uniquely mapped reads number |	21356295
                        Uniquely mapped reads % |	82.30%
                          Average mapped length |	75.28
                       Number of splices: Total |	4414052
            Number of splices: Annotated (sjdb) |	4328605
                       Number of splices: GT/AG |	4275093
                       Number of splices: GC/AG |	125523
                       Number of splices: AT/AC |	4440
               Number of splices: Non-canonical |	8996
                      Mismatch rate per base, % |	0.36%
                         Deletion rate per base |	0.02%
                        Deletion average length |	2.17
                        Insertion rate per base |	0.01%
                       Insertion average length |	1.79
                             MULTI-MAPPING READS:
        Number of reads mapped to multiple loci |	3960342
             % of reads mapped to multiple loci |	15.26%
        Number of reads mapped to too many loci |	145856
             % of reads mapped to too many loci |	0.56%
                                  UNMAPPED READS:
  Number of reads unmapped: too many mismatches |	0
       % of reads unmapped: too many mismatches |	0.00%
            Number of reads unmapped: too short |	444601
                 % of reads unmapped: too short |	1.71%
                Number of reads unmapped: other |	43481
                     % of reads unmapped: other |	0.17%
                                  CHIMERIC READS:
                       Number of chimeric reads |	0
                            % of chimeric reads |	0.00%
