                                 Started job on |	Jun 10 02:50:48
                             Started mapping on |	Jun 10 02:54:56
                                    Finished on |	Jun 10 02:58:44
       Mapping speed, Million of reads per hour |	417.32

                          Number of input reads |	26430499
                      Average input read length |	75
                                    UNIQUE READS:
                   Uniquely mapped reads number |	21550699
                        Uniquely mapped reads % |	81.54%
                          Average mapped length |	75.31
                       Number of splices: Total |	4542693
            Number of splices: Annotated (sjdb) |	4447110
                       Number of splices: GT/AG |	4386282
                       Number of splices: GC/AG |	144024
                       Number of splices: AT/AC |	4402
               Number of splices: Non-canonical |	7985
                      Mismatch rate per base, % |	0.35%
                         Deletion rate per base |	0.01%
                        Deletion average length |	2.11
                        Insertion rate per base |	0.01%
                       Insertion average length |	1.77
                             MULTI-MAPPING READS:
        Number of reads mapped to multiple loci |	4268348
             % of reads mapped to multiple loci |	16.15%
        Number of reads mapped to too many loci |	162866
             % of reads mapped to too many loci |	0.62%
                                  UNMAPPED READS:
  Number of reads unmapped: too many mismatches |	0
       % of reads unmapped: too many mismatches |	0.00%
            Number of reads unmapped: too short |	404482
                 % of reads unmapped: too short |	1.53%
                Number of reads unmapped: other |	44104
                     % of reads unmapped: other |	0.17%
                                  CHIMERIC READS:
                       Number of chimeric reads |	0
                            % of chimeric reads |	0.00%
