                                 Started job on |	Jun 10 02:50:48
                             Started mapping on |	Jun 10 02:55:04
                                    Finished on |	Jun 10 02:59:24
       Mapping speed, Million of reads per hour |	419.81

                          Number of input reads |	30319467
                      Average input read length |	75
                                    UNIQUE READS:
                   Uniquely mapped reads number |	24872882
                        Uniquely mapped reads % |	82.04%
                          Average mapped length |	75.33
                       Number of splices: Total |	5217383
            Number of splices: Annotated (sjdb) |	5123205
                       Number of splices: GT/AG |	5062872
                       Number of splices: GC/AG |	141428
                       Number of splices: AT/AC |	5252
               Number of splices: Non-canonical |	7831
                      Mismatch rate per base, % |	0.30%
                         Deletion rate per base |	0.01%
                        Deletion average length |	1.85
                        Insertion rate per base |	0.01%
                       Insertion average length |	1.69
                             MULTI-MAPPING READS:
        Number of reads mapped to multiple loci |	4874013
             % of reads mapped to multiple loci |	16.08%
        Number of reads mapped to too many loci |	180421
             % of reads mapped to too many loci |	0.60%
                                  UNMAPPED READS:
  Number of reads unmapped: too many mismatches |	0
       % of reads unmapped: too many mismatches |	0.00%
            Number of reads unmapped: too short |	350287
                 % of reads unmapped: too short |	1.16%
                Number of reads unmapped: other |	41864
                     % of reads unmapped: other |	0.14%
                                  CHIMERIC READS:
                       Number of chimeric reads |	0
                            % of chimeric reads |	0.00%
