                                 Started job on |	Jun 10 02:51:03
                             Started mapping on |	Jun 10 02:55:08
                                    Finished on |	Jun 10 02:58:54
       Mapping speed, Million of reads per hour |	416.14

                          Number of input reads |	26124260
                      Average input read length |	75
                                    UNIQUE READS:
                   Uniquely mapped reads number |	21530711
                        Uniquely mapped reads % |	82.42%
                          Average mapped length |	75.33
                       Number of splices: Total |	4810106
            Number of splices: Annotated (sjdb) |	4719193
                       Number of splices: GT/AG |	4662276
                       Number of splices: GC/AG |	134981
                       Number of splices: AT/AC |	4908
               Number of splices: Non-canonical |	7941
                      Mismatch rate per base, % |	0.31%
                         Deletion rate per base |	0.01%
                        Deletion average length |	2.01
                        Insertion rate per base |	0.01%
                       Insertion average length |	1.74
                             MULTI-MAPPING READS:
        Number of reads mapped to multiple loci |	4005879
             % of reads mapped to multiple loci |	15.33%
        Number of reads mapped to too many loci |	153817
             % of reads mapped to too many loci |	0.59%
                                  UNMAPPED READS:
  Number of reads unmapped: too many mismatches |	0
       % of reads unmapped: too many mismatches |	0.00%
            Number of reads unmapped: too short |	390419
                 % of reads unmapped: too short |	1.49%
                Number of reads unmapped: other |	43434
                     % of reads unmapped: other |	0.17%
                                  CHIMERIC READS:
                       Number of chimeric reads |	0
                            % of chimeric reads |	0.00%
