                                 Started job on |	Jun 10 02:50:48
                             Started mapping on |	Jun 10 02:54:59
                                    Finished on |	Jun 10 02:59:04
       Mapping speed, Million of reads per hour |	411.84

                          Number of input reads |	28027744
                      Average input read length |	75
                                    UNIQUE READS:
                   Uniquely mapped reads number |	22465672
                        Uniquely mapped reads % |	80.16%
                          Average mapped length |	75.28
                       Number of splices: Total |	4999642
            Number of splices: Annotated (sjdb) |	4916525
                       Number of splices: GT/AG |	4850791
                       Number of splices: GC/AG |	136171
                       Number of splices: AT/AC |	5009
               Number of splices: Non-canonical |	7671
                      Mismatch rate per base, % |	0.35%
                         Deletion rate per base |	0.01%
                        Deletion average length |	1.92
                        Insertion rate per base |	0.01%
                       Insertion average length |	1.79
                             MULTI-MAPPING READS:
        Number of reads mapped to multiple loci |	4774023
             % of reads mapped to multiple loci |	17.03%
        Number of reads mapped to too many loci |	185070
             % of reads mapped to too many loci |	0.66%
                                  UNMAPPED READS:
  Number of reads unmapped: too many mismatches |	0
       % of reads unmapped: too many mismatches |	0.00%
            Number of reads unmapped: too short |	548012
                 % of reads unmapped: too short |	1.96%
                Number of reads unmapped: other |	54967
                     % of reads unmapped: other |	0.20%
                                  CHIMERIC READS:
                       Number of chimeric reads |	0
                            % of chimeric reads |	0.00%
