                                 Started job on |	Jun 10 02:53:11
                             Started mapping on |	Jun 10 02:57:17
                                    Finished on |	Jun 10 03:01:00
       Mapping speed, Million of reads per hour |	414.67

                          Number of input reads |	25686321
                      Average input read length |	75
                                    UNIQUE READS:
                   Uniquely mapped reads number |	21066544
                        Uniquely mapped reads % |	82.01%
                          Average mapped length |	75.36
                       Number of splices: Total |	4690808
            Number of splices: Annotated (sjdb) |	4602958
                       Number of splices: GT/AG |	4534558
                       Number of splices: GC/AG |	145704
                       Number of splices: AT/AC |	4611
               Number of splices: Non-canonical |	5935
                      Mismatch rate per base, % |	0.28%
                         Deletion rate per base |	0.01%
                        Deletion average length |	1.85
                        Insertion rate per base |	0.01%
                       Insertion average length |	1.67
                             MULTI-MAPPING READS:
        Number of reads mapped to multiple loci |	4104800
             % of reads mapped to multiple loci |	15.98%
        Number of reads mapped to too many loci |	147352
             % of reads mapped to too many loci |	0.57%
                                  UNMAPPED READS:
  Number of reads unmapped: too many mismatches |	0
       % of reads unmapped: too many mismatches |	0.00%
            Number of reads unmapped: too short |	326882
                 % of reads unmapped: too short |	1.27%
                Number of reads unmapped: other |	40743
                     % of reads unmapped: other |	0.16%
                                  CHIMERIC READS:
                       Number of chimeric reads |	0
                            % of chimeric reads |	0.00%
