                                 Started job on |	Jun 10 02:51:03
                             Started mapping on |	Jun 10 02:55:06
                                    Finished on |	Jun 10 02:58:38
       Mapping speed, Million of reads per hour |	420.82

                          Number of input reads |	24781842
                      Average input read length |	75
                                    UNIQUE READS:
                   Uniquely mapped reads number |	20341962
                        Uniquely mapped reads % |	82.08%
                          Average mapped length |	75.30
                       Number of splices: Total |	4308892
            Number of splices: Annotated (sjdb) |	4227322
                       Number of splices: GT/AG |	4176307
                       Number of splices: GC/AG |	120375
                       Number of splices: AT/AC |	4470
               Number of splices: Non-canonical |	7740
                      Mismatch rate per base, % |	0.34%
                         Deletion rate per base |	0.01%
                        Deletion average length |	2.15
                        Insertion rate per base |	0.01%
                       Insertion average length |	1.77
                             MULTI-MAPPING READS:
        Number of reads mapped to multiple loci |	3865736
             % of reads mapped to multiple loci |	15.60%
        Number of reads mapped to too many loci |	148310
             % of reads mapped to too many loci |	0.60%
                                  UNMAPPED READS:
  Number of reads unmapped: too many mismatches |	0
       % of reads unmapped: too many mismatches |	0.00%
            Number of reads unmapped: too short |	385379
                 % of reads unmapped: too short |	1.56%
                Number of reads unmapped: other |	40455
                     % of reads unmapped: other |	0.16%
                                  CHIMERIC READS:
                       Number of chimeric reads |	0
                            % of chimeric reads |	0.00%
