                                 Started job on |	Jun 10 02:50:48
                             Started mapping on |	Jun 10 02:54:52
                                    Finished on |	Jun 10 02:58:34
       Mapping speed, Million of reads per hour |	408.64

                          Number of input reads |	25199723
                      Average input read length |	75
                                    UNIQUE READS:
                   Uniquely mapped reads number |	20438691
                        Uniquely mapped reads % |	81.11%
                          Average mapped length |	75.28
                       Number of splices: Total |	4467893
            Number of splices: Annotated (sjdb) |	4391930
                       Number of splices: GT/AG |	4335044
                       Number of splices: GC/AG |	121440
                       Number of splices: AT/AC |	4690
               Number of splices: Non-canonical |	6719
                      Mismatch rate per base, % |	0.39%
                         Deletion rate per base |	0.01%
                        Deletion average length |	2.13
                        Insertion rate per base |	0.01%
                       Insertion average length |	1.79
                             MULTI-MAPPING READS:
        Number of reads mapped to multiple loci |	4078375
             % of reads mapped to multiple loci |	16.18%
        Number of reads mapped to too many loci |	154522
             % of reads mapped to too many loci |	0.61%
                                  UNMAPPED READS:
  Number of reads unmapped: too many mismatches |	0
       % of reads unmapped: too many mismatches |	0.00%
            Number of reads unmapped: too short |	479709
                 % of reads unmapped: too short |	1.90%
                Number of reads unmapped: other |	48426
                     % of reads unmapped: other |	0.19%
                                  CHIMERIC READS:
                       Number of chimeric reads |	0
                            % of chimeric reads |	0.00%
